Error executing job with overrides: []
Traceback (most recent call last):
  File "/home/asap7772/miniconda3/envs/behavior-transformer/lib/python3.8/site-packages/hydra/_internal/instantiate/_instantiate2.py", line 62, in _call_target
    return _target_(*args, **kwargs)
TypeError: __init__() got an unexpected keyword argument 'linear_proj'
During handling of the above exception, another exception occurred:
Traceback (most recent call last):
  File "train.py", line 291, in main
    workspace.run()
  File "train.py", line 169, in run
    self._init_obs_encoding_net()
  File "train.py", line 71, in _init_obs_encoding_net
    self.obs_encoding_net = hydra.utils.instantiate(self.cfg.encoder)
  File "/home/asap7772/miniconda3/envs/behavior-transformer/lib/python3.8/site-packages/hydra/_internal/instantiate/_instantiate2.py", line 180, in instantiate
    return instantiate_node(config, *args, recursive=_recursive_, convert=_convert_)
  File "/home/asap7772/miniconda3/envs/behavior-transformer/lib/python3.8/site-packages/hydra/_internal/instantiate/_instantiate2.py", line 249, in instantiate_node
    return _call_target(_target_, *args, **kwargs)
  File "/home/asap7772/miniconda3/envs/behavior-transformer/lib/python3.8/site-packages/hydra/_internal/instantiate/_instantiate2.py", line 64, in _call_target
    raise type(e)(
  File "/home/asap7772/miniconda3/envs/behavior-transformer/lib/python3.8/site-packages/hydra/_internal/instantiate/_instantiate2.py", line 62, in _call_target
    return _target_(*args, **kwargs)
TypeError: Error instantiating 'models.resnet.resnet34' : __init__() got an unexpected keyword argument 'linear_proj'
Set the environment variable HYDRA_FULL_ERROR=1 for a complete stack trace.